<?xml version="1.0" encoding="UTF-8"?>
<!-- Generated by org.testng.reporters.JUnitReportReporter -->
<testsuite hostname="HDC3-L-PF1VZNEE" failures="0" tests="1" name="com.banking.testcases.TC_Login_001" time="8.002" errors="0" timestamp="2023-06-09T16:18:04 IST" skipped="0">
  <testcase classname="com.banking.testcases.TC_Login_001" name="logintest" time="8.002"/>
  <system-out>
    <![CDATA[password is enterred]]>
  </system-out>
</testsuite> <!-- com.banking.testcases.TC_Login_001 -->
